2017-12-30 13:30:26.567 [main] ERROR cfca.sadk.util.Signature -GetPKCS7From::<<<<<<Failure: p7SignedData=[hex]61
cfca.sadk.algorithm.common.PKIException: 错误码：851001  错误信息：encoding length less than 4
	at cfca.sadk.asn1.parser.ASN1Parser.isDERSequence(ASN1Parser.java:196)
	at cfca.sadk.algorithm.common.PKCS7SignedData.loadBase64(PKCS7SignedData.java:104)
	at cfca.sadk.util.Signature.GetPKCS7From(Signature.java:1719)
	at cfca.sadk.util.Signature.p7VerifyMessageDetach(Signature.java:1339)
	at gps949.sadkapi.verify.RSAP7DetachVerify.doit(RSAP7DetachVerify.java:31)
	at sun.reflect.NativeMethodAccessorImpl.invoke0(Native Method)
	at sun.reflect.NativeMethodAccessorImpl.invoke(NativeMethodAccessorImpl.java:62)
	at sun.reflect.DelegatingMethodAccessorImpl.invoke(DelegatingMethodAccessorImpl.java:43)
	at java.lang.reflect.Method.invoke(Method.java:498)
2017-12-30 13:30:26.620 [main] ERROR cfca.sadk.util.Signature -GetPKCS7From::>>>>>>Running: p7SignedData=[hex]61
2017-12-30 13:30:26.620 [main] ERROR cfca.sadk.util.Signature -p7VerifyMessageDetach<<<<<<Failure
cfca.sadk.algorithm.common.PKIException: 错误码：851001  错误信息：encoding length less than 4
	at cfca.sadk.asn1.parser.ASN1Parser.isDERSequence(ASN1Parser.java:196)
	at cfca.sadk.algorithm.common.PKCS7SignedData.loadBase64(PKCS7SignedData.java:104)
	at cfca.sadk.util.Signature.GetPKCS7From(Signature.java:1719)
	at cfca.sadk.util.Signature.p7VerifyMessageDetach(Signature.java:1339)
	at gps949.sadkapi.verify.RSAP7DetachVerify.doit(RSAP7DetachVerify.java:31)
	at sun.reflect.NativeMethodAccessorImpl.invoke0(Native Method)
	at sun.reflect.NativeMethodAccessorImpl.invoke(NativeMethodAccessorImpl.java:62)
	at sun.reflect.DelegatingMethodAccessorImpl.invoke(DelegatingMethodAccessorImpl.java:43)
	at java.lang.reflect.Method.invoke(Method.java:498)
2017-12-30 13:30:26.621 [main] ERROR cfca.sadk.util.Signature -p7VerifyMessageDetach>>>>>>Running
 sourceData: [hex]6366636131323334
 base64P7SignedData: [hex]61
 session: [session]cfca.sadk.lib.crypto.bcsoft.BCSoftLib
2017-12-30 18:22:11.584 [main] ERROR cfca.sadk.util.Signature -GetPKCS7From::<<<<<<Failure: p7SignedData=[hex]
cfca.sadk.algorithm.common.PKIException: 错误码：851001  错误信息：PKCS7SignedData encoding required not  be null
	at cfca.sadk.algorithm.common.PKCS7SignedData.loadBase64(PKCS7SignedData.java:100)
	at cfca.sadk.util.Signature.GetPKCS7From(Signature.java:1719)
	at cfca.sadk.util.Signature.p7VerifyMessageDetach(Signature.java:1339)
	at gps949.sadkapi.verify.RSAP7DetachVerify.doit(RSAP7DetachVerify.java:31)
	at sun.reflect.NativeMethodAccessorImpl.invoke0(Native Method)
	at sun.reflect.NativeMethodAccessorImpl.invoke(NativeMethodAccessorImpl.java:62)
	at sun.reflect.DelegatingMethodAccessorImpl.invoke(DelegatingMethodAccessorImpl.java:43)
	at java.lang.reflect.Method.invoke(Method.java:498)
2017-12-30 18:22:11.588 [main] ERROR cfca.sadk.util.Signature -GetPKCS7From::>>>>>>Running: p7SignedData=[hex]
2017-12-30 18:22:11.588 [main] ERROR cfca.sadk.util.Signature -p7VerifyMessageDetach<<<<<<Failure
cfca.sadk.algorithm.common.PKIException: 错误码：851001  错误信息：PKCS7SignedData encoding required not  be null
	at cfca.sadk.algorithm.common.PKCS7SignedData.loadBase64(PKCS7SignedData.java:100)
	at cfca.sadk.util.Signature.GetPKCS7From(Signature.java:1719)
	at cfca.sadk.util.Signature.p7VerifyMessageDetach(Signature.java:1339)
	at gps949.sadkapi.verify.RSAP7DetachVerify.doit(RSAP7DetachVerify.java:31)
	at sun.reflect.NativeMethodAccessorImpl.invoke0(Native Method)
	at sun.reflect.NativeMethodAccessorImpl.invoke(NativeMethodAccessorImpl.java:62)
	at sun.reflect.DelegatingMethodAccessorImpl.invoke(DelegatingMethodAccessorImpl.java:43)
	at java.lang.reflect.Method.invoke(Method.java:498)
2017-12-30 18:22:11.589 [main] ERROR cfca.sadk.util.Signature -p7VerifyMessageDetach>>>>>>Running
 sourceData: [hex]6366636131323334
 base64P7SignedData: [hex]
 session: [session]cfca.sadk.lib.crypto.bcsoft.BCSoftLib
2017-12-30 18:52:02.083 [main] ERROR cfca.sadk.util.Signature -GetPKCS7From::<<<<<<Failure: p7SignedData=[hex]
cfca.sadk.algorithm.common.PKIException: 错误码：851001  错误信息：PKCS7SignedData encoding required not  be null
	at cfca.sadk.algorithm.common.PKCS7SignedData.loadBase64(PKCS7SignedData.java:100)
	at cfca.sadk.util.Signature.GetPKCS7From(Signature.java:1719)
	at cfca.sadk.util.Signature.p7VerifyMessageDetach(Signature.java:1339)
	at gps949.sadkapi.verify.RSAP7DetachVerify.doit(RSAP7DetachVerify.java:31)
	at sun.reflect.NativeMethodAccessorImpl.invoke0(Native Method)
	at sun.reflect.NativeMethodAccessorImpl.invoke(NativeMethodAccessorImpl.java:62)
	at sun.reflect.DelegatingMethodAccessorImpl.invoke(DelegatingMethodAccessorImpl.java:43)
	at java.lang.reflect.Method.invoke(Method.java:498)
2017-12-30 18:52:02.087 [main] ERROR cfca.sadk.util.Signature -GetPKCS7From::>>>>>>Running: p7SignedData=[hex]
2017-12-30 18:52:02.088 [main] ERROR cfca.sadk.util.Signature -p7VerifyMessageDetach<<<<<<Failure
cfca.sadk.algorithm.common.PKIException: 错误码：851001  错误信息：PKCS7SignedData encoding required not  be null
	at cfca.sadk.algorithm.common.PKCS7SignedData.loadBase64(PKCS7SignedData.java:100)
	at cfca.sadk.util.Signature.GetPKCS7From(Signature.java:1719)
	at cfca.sadk.util.Signature.p7VerifyMessageDetach(Signature.java:1339)
	at gps949.sadkapi.verify.RSAP7DetachVerify.doit(RSAP7DetachVerify.java:31)
	at sun.reflect.NativeMethodAccessorImpl.invoke0(Native Method)
	at sun.reflect.NativeMethodAccessorImpl.invoke(NativeMethodAccessorImpl.java:62)
	at sun.reflect.DelegatingMethodAccessorImpl.invoke(DelegatingMethodAccessorImpl.java:43)
	at java.lang.reflect.Method.invoke(Method.java:498)
2017-12-30 18:52:02.088 [main] ERROR cfca.sadk.util.Signature -p7VerifyMessageDetach>>>>>>Running
 sourceData: [hex]5053563752344254
 base64P7SignedData: [hex]
 session: [session]cfca.sadk.lib.crypto.bcsoft.BCSoftLib
2017-12-30 18:56:44.511 [main] ERROR cfca.sadk.util.Signature -GetPKCS7From::<<<<<<Failure: p7SignedData=[hex]31313231323231
cfca.sadk.algorithm.common.PKIException: 错误码：851001  错误信息：PKCS7SignedData decoding failure(failed to construct sequence from byte[]: DEF length 93 object truncated by 89)
	at cfca.sadk.algorithm.common.PKCS7SignedData.loadBase64(PKCS7SignedData.java:118)
	at cfca.sadk.util.Signature.GetPKCS7From(Signature.java:1719)
	at cfca.sadk.util.Signature.p7VerifyMessageDetach(Signature.java:1339)
	at gps949.sadkapi.verify.RSAP7DetachVerify.doit(RSAP7DetachVerify.java:31)
	at sun.reflect.NativeMethodAccessorImpl.invoke0(Native Method)
	at sun.reflect.NativeMethodAccessorImpl.invoke(NativeMethodAccessorImpl.java:62)
	at sun.reflect.DelegatingMethodAccessorImpl.invoke(DelegatingMethodAccessorImpl.java:43)
	at java.lang.reflect.Method.invoke(Method.java:498)
Caused by: java.lang.IllegalArgumentException: failed to construct sequence from byte[]: DEF length 93 object truncated by 89
	at cfca.sadk.org.bouncycastle.asn1.ASN1Sequence.getInstance(ASN1Sequence.java:88)
	at cfca.sadk.algorithm.common.PKCS7SignedData.loadBase64(PKCS7SignedData.java:116)
	... 7 common frames omitted
2017-12-30 18:56:44.515 [main] ERROR cfca.sadk.util.Signature -GetPKCS7From::>>>>>>Running: p7SignedData=[hex]31313231323231
2017-12-30 18:56:44.515 [main] ERROR cfca.sadk.util.Signature -p7VerifyMessageDetach<<<<<<Failure
cfca.sadk.algorithm.common.PKIException: 错误码：851001  错误信息：PKCS7SignedData decoding failure(failed to construct sequence from byte[]: DEF length 93 object truncated by 89)
	at cfca.sadk.algorithm.common.PKCS7SignedData.loadBase64(PKCS7SignedData.java:118)
	at cfca.sadk.util.Signature.GetPKCS7From(Signature.java:1719)
	at cfca.sadk.util.Signature.p7VerifyMessageDetach(Signature.java:1339)
	at gps949.sadkapi.verify.RSAP7DetachVerify.doit(RSAP7DetachVerify.java:31)
	at sun.reflect.NativeMethodAccessorImpl.invoke0(Native Method)
	at sun.reflect.NativeMethodAccessorImpl.invoke(NativeMethodAccessorImpl.java:62)
	at sun.reflect.DelegatingMethodAccessorImpl.invoke(DelegatingMethodAccessorImpl.java:43)
	at java.lang.reflect.Method.invoke(Method.java:498)
Caused by: java.lang.IllegalArgumentException: failed to construct sequence from byte[]: DEF length 93 object truncated by 89
	at cfca.sadk.org.bouncycastle.asn1.ASN1Sequence.getInstance(ASN1Sequence.java:88)
	at cfca.sadk.algorithm.common.PKCS7SignedData.loadBase64(PKCS7SignedData.java:116)
	... 7 common frames omitted
2017-12-30 18:56:44.515 [main] ERROR cfca.sadk.util.Signature -p7VerifyMessageDetach>>>>>>Running
 sourceData: [hex]464d444f5238584b
 base64P7SignedData: [hex]31313231323231
 session: [session]cfca.sadk.lib.crypto.bcsoft.BCSoftLib
2017-12-30 19:00:53.520 [main] ERROR cfca.sadk.util.Signature -GetPKCS7From::<<<<<<Failure: p7SignedData=[hex]313233
cfca.sadk.algorithm.common.PKIException: 错误码：851001  错误信息：PKCS7SignedData encoding required base64(java.io.IOException: invalid characters encountered at end of base64 data)
	at cfca.sadk.algorithm.common.PKCS7SignedData.loadBase64(PKCS7SignedData.java:110)
	at cfca.sadk.util.Signature.GetPKCS7From(Signature.java:1719)
	at cfca.sadk.util.Signature.p7VerifyMessageDetach(Signature.java:1339)
	at gps949.sadkapi.verify.RSAP7DetachVerify.doit(RSAP7DetachVerify.java:31)
	at sun.reflect.NativeMethodAccessorImpl.invoke0(Native Method)
	at sun.reflect.NativeMethodAccessorImpl.invoke(NativeMethodAccessorImpl.java:62)
	at sun.reflect.DelegatingMethodAccessorImpl.invoke(DelegatingMethodAccessorImpl.java:43)
	at java.lang.reflect.Method.invoke(Method.java:498)
Caused by: java.lang.IllegalArgumentException: java.io.IOException: invalid characters encountered at end of base64 data
	at cfca.sadk.util.Base64.decode(Base64.java:71)
	at cfca.sadk.algorithm.common.PKCS7SignedData.loadBase64(PKCS7SignedData.java:108)
	... 7 common frames omitted
Caused by: java.io.IOException: invalid characters encountered at end of base64 data
	at cfca.sadk.org.bouncycastle.util.FastBase64.decodeLastBlock(FastBase64.java:189)
	at cfca.sadk.org.bouncycastle.util.FastBase64.decode(FastBase64.java:147)
	at cfca.sadk.util.Base64.decode(Base64.java:69)
	... 8 common frames omitted
2017-12-30 19:00:53.523 [main] ERROR cfca.sadk.util.Signature -GetPKCS7From::>>>>>>Running: p7SignedData=[hex]313233
2017-12-30 19:00:53.523 [main] ERROR cfca.sadk.util.Signature -p7VerifyMessageDetach<<<<<<Failure
cfca.sadk.algorithm.common.PKIException: 错误码：851001  错误信息：PKCS7SignedData encoding required base64(java.io.IOException: invalid characters encountered at end of base64 data)
	at cfca.sadk.algorithm.common.PKCS7SignedData.loadBase64(PKCS7SignedData.java:110)
	at cfca.sadk.util.Signature.GetPKCS7From(Signature.java:1719)
	at cfca.sadk.util.Signature.p7VerifyMessageDetach(Signature.java:1339)
	at gps949.sadkapi.verify.RSAP7DetachVerify.doit(RSAP7DetachVerify.java:31)
	at sun.reflect.NativeMethodAccessorImpl.invoke0(Native Method)
	at sun.reflect.NativeMethodAccessorImpl.invoke(NativeMethodAccessorImpl.java:62)
	at sun.reflect.DelegatingMethodAccessorImpl.invoke(DelegatingMethodAccessorImpl.java:43)
	at java.lang.reflect.Method.invoke(Method.java:498)
Caused by: java.lang.IllegalArgumentException: java.io.IOException: invalid characters encountered at end of base64 data
	at cfca.sadk.util.Base64.decode(Base64.java:71)
	at cfca.sadk.algorithm.common.PKCS7SignedData.loadBase64(PKCS7SignedData.java:108)
	... 7 common frames omitted
Caused by: java.io.IOException: invalid characters encountered at end of base64 data
	at cfca.sadk.org.bouncycastle.util.FastBase64.decodeLastBlock(FastBase64.java:189)
	at cfca.sadk.org.bouncycastle.util.FastBase64.decode(FastBase64.java:147)
	at cfca.sadk.util.Base64.decode(Base64.java:69)
	... 8 common frames omitted
2017-12-30 19:00:53.523 [main] ERROR cfca.sadk.util.Signature -p7VerifyMessageDetach>>>>>>Running
 sourceData: [hex]51354e4e32515754
 base64P7SignedData: [hex]313233
 session: [session]cfca.sadk.lib.crypto.bcsoft.BCSoftLib
2018-01-14 19:48:30.173 [main] ERROR cfca.sadk.x509.certificate.X509CertVerifier -validateCertSign<<<<<<Failure
cfca.sadk.algorithm.common.PKIException: 错误码：851001  错误信息：validateCertSign Failure: can not get the user issuer's cert
	at cfca.sadk.x509.certificate.X509CertVerifier.validateCertSign(X509CertVerifier.java:163)
	at gps949.sadkapi.RSAP7DetachVerify.doit(RSAP7DetachVerify.java:42)
	at sun.reflect.NativeMethodAccessorImpl.invoke0(Native Method)
	at sun.reflect.NativeMethodAccessorImpl.invoke(NativeMethodAccessorImpl.java:62)
	at sun.reflect.DelegatingMethodAccessorImpl.invoke(DelegatingMethodAccessorImpl.java:43)
	at java.lang.reflect.Method.invoke(Method.java:498)
2018-01-20 08:45:10.775 [main] ERROR cfca.sadk.x509.certificate.X509CertVerifier -validateCertSign<<<<<<Failure
cfca.sadk.algorithm.common.PKIException: 错误码：851001  错误信息：validateCertSign Failure: can not get the user issuer's cert
	at cfca.sadk.x509.certificate.X509CertVerifier.validateCertSign(X509CertVerifier.java:163)
	at gps949.sadkapi.RSAP7DetachVerify.doit(RSAP7DetachVerify.java:42)
	at sun.reflect.NativeMethodAccessorImpl.invoke0(Native Method)
	at sun.reflect.NativeMethodAccessorImpl.invoke(NativeMethodAccessorImpl.java:62)
	at sun.reflect.DelegatingMethodAccessorImpl.invoke(DelegatingMethodAccessorImpl.java:43)
	at java.lang.reflect.Method.invoke(Method.java:498)
2018-01-20 08:45:23.701 [main] ERROR cfca.sadk.x509.certificate.X509CertVerifier -validateCertSign<<<<<<Failure
cfca.sadk.algorithm.common.PKIException: 错误码：851001  错误信息：validateCertSign Failure: can not get the user issuer's cert
	at cfca.sadk.x509.certificate.X509CertVerifier.validateCertSign(X509CertVerifier.java:163)
	at gps949.sadkapi.RSAP7DetachVerify.doit(RSAP7DetachVerify.java:42)
	at sun.reflect.NativeMethodAccessorImpl.invoke0(Native Method)
	at sun.reflect.NativeMethodAccessorImpl.invoke(NativeMethodAccessorImpl.java:62)
	at sun.reflect.DelegatingMethodAccessorImpl.invoke(DelegatingMethodAccessorImpl.java:43)
	at java.lang.reflect.Method.invoke(Method.java:498)
